<?xml version="1.0" encoding="UTF-8"?>
<!-- Generated by org.testng.reporters.JUnitReportReporter -->
<testsuite hostname="Viritha" failures="0" tests="1" name="com.gcr.scripts.TC4" time="7.933" errors="0" timestamp="2022-12-12T09:43:32 EST" skipped="0">
  <testcase classname="com.gcr.scripts.TC4" name="LoginLogout_WebShop" time="7.933"/>
  <system-out/>
</testsuite> <!-- com.gcr.scripts.TC4 -->
